2023-07-21 20:15:12,404 Starting process
2023-07-21 20:16:15,532 Starting process
2023-07-21 20:16:46,932 Starting process
2023-07-21 20:17:57,904 Starting process
2023-07-21 20:18:26,896 Starting process
2023-07-21 20:18:32,000 Setting new threshold: 
2023-07-21 20:18:32,000 New threshold : 0.004
2023-07-21 20:18:37,015 Setting new threshold: 
2023-07-21 20:18:37,016 New threshold : 0.004
2023-07-21 20:18:42,030 Setting new threshold: 
2023-07-21 20:18:42,031 New threshold : 0.003
2023-07-21 20:18:47,046 Setting new threshold: 
2023-07-21 20:18:47,047 New threshold : 0.004
2023-07-21 20:18:52,061 Setting new threshold: 
2023-07-21 20:18:52,062 New threshold : 0.005
2023-07-21 20:18:57,077 Setting new threshold: 
2023-07-21 20:18:57,077 New threshold : 0.003
2023-07-21 20:19:02,092 Setting new threshold: 
2023-07-21 20:19:02,092 New threshold : 0.003
2023-07-21 20:19:07,107 Setting new threshold: 
2023-07-21 20:19:07,108 New threshold : 0.006
2023-07-21 20:19:12,124 Setting new threshold: 
2023-07-21 20:19:12,124 New threshold : 0.004
2023-07-21 20:19:17,139 Setting new threshold: 
2023-07-21 20:19:17,140 New threshold : 0.004
2023-07-21 20:19:22,155 Setting new threshold: 
2023-07-21 20:19:22,155 New threshold : 0.003
2023-07-21 20:19:27,169 Setting new threshold: 
2023-07-21 20:19:27,170 New threshold : 0.003
2023-07-21 20:19:32,185 Setting new threshold: 
2023-07-21 20:19:32,186 New threshold : 0.003
2023-07-21 20:19:37,201 Setting new threshold: 
2023-07-21 20:19:37,201 New threshold : 0.003
2023-07-21 20:19:42,216 Setting new threshold: 
2023-07-21 20:19:42,216 New threshold : 0.003
2023-07-21 20:19:47,232 Setting new threshold: 
2023-07-21 20:19:47,232 New threshold : 0.003
2023-07-21 20:19:52,247 Setting new threshold: 
2023-07-21 20:19:52,247 New threshold : 0.004
2023-07-21 20:19:57,262 Setting new threshold: 
2023-07-21 20:19:57,263 New threshold : 0.004
2023-07-21 20:20:02,278 Setting new threshold: 
2023-07-21 20:20:02,278 New threshold : 0.004
2023-07-21 20:20:07,293 Setting new threshold: 
2023-07-21 20:20:07,294 New threshold : 0.003
2023-07-21 20:20:12,309 Setting new threshold: 
2023-07-21 20:20:12,309 New threshold : 0.003
2023-07-21 20:20:17,324 Setting new threshold: 
2023-07-21 20:20:17,325 New threshold : 0.003
2023-07-21 20:20:22,340 Setting new threshold: 
2023-07-21 20:20:22,340 New threshold : 0.003
2023-07-21 20:20:27,355 Setting new threshold: 
2023-07-21 20:20:27,356 New threshold : 0.003
2023-07-21 20:20:32,371 Setting new threshold: 
2023-07-21 20:20:32,371 New threshold : 0.007
2023-07-21 20:20:37,387 Setting new threshold: 
2023-07-21 20:20:37,387 New threshold : 0.005
2023-07-21 20:27:11,553 Starting process
2023-07-21 20:27:11,660 Noise detected -- 0.0010000000474974513/0
2023-07-21 20:27:12,682 Noise detected -- 0.0020000000949949026/0
2023-07-21 20:27:13,703 Noise detected -- 0.0020000000949949026/0
2023-07-21 20:27:14,725 Noise detected -- 0.0020000000949949026/0
2023-07-21 20:27:15,747 Noise detected -- 0.0020000000949949026/0
2023-07-21 20:27:16,652 Setting new threshold: 
2023-07-21 20:27:16,653 New threshold : 0.003
2023-07-21 20:27:16,769 Quiet -- 0.0020000000949949026/0.003
2023-07-21 20:27:17,790 Quiet -- 0.0020000000949949026/0.003
2023-07-21 20:27:18,812 Quiet -- 0.0020000000949949026/0.003
2023-07-21 20:27:19,834 Quiet -- 0.0010000000474974513/0.003
2023-07-21 20:27:20,855 Quiet -- 0.0020000000949949026/0.003
2023-07-21 20:27:21,669 Setting new threshold: 
2023-07-21 20:27:21,669 New threshold : 0.004
2023-07-21 20:27:21,877 Quiet -- 0.0010000000474974513/0.004
2023-07-21 20:27:22,898 Quiet -- 0.003000000026077032/0.004
2023-07-21 20:27:23,920 Quiet -- 0.003000000026077032/0.004
2023-07-21 20:27:24,942 Quiet -- 0.0010000000474974513/0.004
2023-07-21 20:27:25,964 Quiet -- 0.0010000000474974513/0.004
2023-07-21 20:27:26,683 Setting new threshold: 
2023-07-21 20:27:26,684 New threshold : 0.003
2023-07-21 20:27:26,985 Quiet -- 0.0020000000949949026/0.003
2023-07-21 20:27:28,007 Noise detected -- 0.003000000026077032/0.003
2023-07-21 20:27:29,029 Noise detected -- 0.003000000026077032/0.003
2023-07-21 20:27:30,050 Noise detected -- 0.004999999888241291/0.003
2023-07-21 20:27:31,072 Quiet -- 0.0020000000949949026/0.003
2023-07-21 20:27:31,699 Setting new threshold: 
2023-07-21 20:27:31,700 New threshold : 0.003
2023-07-21 20:27:36,274 Starting process
2023-07-21 20:27:36,382 Noise detected -- 0.006000000052154064/0
2023-07-21 20:27:37,404 Noise detected -- 0.003000000026077032/0
2023-07-21 20:27:38,426 Noise detected -- 0.0020000000949949026/0
2023-07-21 20:27:39,448 Noise detected -- 0.003000000026077032/0
2023-07-21 20:27:40,470 Noise detected -- 0.003000000026077032/0
2023-07-21 20:27:41,375 Setting new threshold: 
2023-07-21 20:27:41,375 New threshold : 0.004
2023-07-21 20:27:41,491 Noise detected -- 0.007000000216066837/0.004
2023-07-21 20:27:42,513 Quiet -- 0.0020000000949949026/0.004
2023-07-21 20:27:43,534 Quiet -- 0.0020000000949949026/0.004
2023-07-21 20:27:44,556 Quiet -- 0.003000000026077032/0.004
2023-07-21 20:27:45,578 Noise detected -- 0.006000000052154064/0.004
2023-07-21 20:27:46,391 Setting new threshold: 
2023-07-21 20:27:46,391 New threshold : 0.004
2023-07-21 20:27:46,599 Quiet -- 0.003000000026077032/0.004
2023-07-21 20:27:47,621 Quiet -- 0.0020000000949949026/0.004
2023-07-21 20:27:48,643 Quiet -- 0.003000000026077032/0.004
2023-07-21 20:27:49,664 Quiet -- 0.0020000000949949026/0.004
2023-07-21 20:27:50,687 Quiet -- 0.0020000000949949026/0.004
2023-07-21 20:27:51,406 Setting new threshold: 
2023-07-21 20:27:51,406 New threshold : 0.004
2023-07-21 20:27:51,708 Quiet -- 0.0010000000474974513/0.004
2023-07-21 20:27:52,729 Quiet -- 0.0020000000949949026/0.004
2023-07-21 20:27:53,751 Noise detected -- 0.010999999940395355/0.004
2023-07-21 20:27:54,773 Quiet -- 0.0020000000949949026/0.004
2023-07-21 20:27:55,795 Quiet -- 0.0020000000949949026/0.004
2023-07-21 20:27:56,422 Setting new threshold: 
2023-07-21 20:27:56,422 New threshold : 0.005
2023-07-21 20:27:56,816 Quiet -- 0.0010000000474974513/0.005
2023-07-21 20:27:57,838 Quiet -- 0.0020000000949949026/0.005
2023-07-21 20:27:58,859 Quiet -- 0.0020000000949949026/0.005
2023-07-21 20:27:59,882 Quiet -- 0.0020000000949949026/0.005
2023-07-21 20:28:00,903 Quiet -- 0.0020000000949949026/0.005
2023-07-21 20:28:01,437 Setting new threshold: 
2023-07-21 20:28:01,437 New threshold : 0.003
2023-07-21 20:28:01,925 Quiet -- 0.0010000000474974513/0.003
2023-07-21 20:28:02,946 Quiet -- 0.0020000000949949026/0.003
2023-07-21 20:28:03,968 Quiet -- 0.0020000000949949026/0.003
2023-07-21 20:28:04,990 Noise detected -- 0.003000000026077032/0.003
2023-07-21 20:28:06,011 Quiet -- 0.0020000000949949026/0.003
2023-07-21 20:28:06,453 Setting new threshold: 
2023-07-21 20:28:06,453 New threshold : 0.004
2023-07-21 20:28:07,033 Quiet -- 0.003000000026077032/0.004
2023-07-21 20:28:08,055 Quiet -- 0.003000000026077032/0.004
2023-07-21 20:28:09,076 Quiet -- 0.0020000000949949026/0.004
2023-07-21 20:28:10,098 Quiet -- 0.0020000000949949026/0.004
2023-07-21 20:28:11,120 Quiet -- 0.0010000000474974513/0.004
2023-07-21 20:28:11,468 Setting new threshold: 
2023-07-21 20:28:11,469 New threshold : 0.004
2023-07-21 20:28:12,141 Quiet -- 0.0010000000474974513/0.004
2023-07-21 20:28:13,163 Quiet -- 0.0010000000474974513/0.004
2023-07-21 20:28:14,185 Quiet -- 0.0020000000949949026/0.004
2023-07-21 20:28:15,206 Quiet -- 0.0010000000474974513/0.004
2023-07-21 20:28:16,228 Quiet -- 0.0020000000949949026/0.004
2023-07-21 20:28:16,483 Setting new threshold: 
2023-07-21 20:28:16,484 New threshold : 0.003
2023-07-21 20:28:17,251 Noise detected -- 0.003000000026077032/0.003
2023-07-21 20:28:18,272 Quiet -- 0.0020000000949949026/0.003
2023-07-21 20:28:19,293 Quiet -- 0.0020000000949949026/0.003
2023-07-21 20:28:20,315 Noise detected -- 0.00800000037997961/0.003
2023-07-21 20:28:21,336 Quiet -- 0.0020000000949949026/0.003
2023-07-21 20:28:21,500 Setting new threshold: 
2023-07-21 20:28:21,500 New threshold : 0.004
2023-07-21 20:28:22,358 Quiet -- 0.003000000026077032/0.004
2023-07-21 20:28:23,380 Quiet -- 0.0020000000949949026/0.004
2023-07-21 20:28:24,402 Quiet -- 0.0010000000474974513/0.004
2023-07-21 20:28:25,423 Quiet -- 0.0020000000949949026/0.004
2023-07-21 20:28:26,445 Quiet -- 0.0020000000949949026/0.004
2023-07-21 20:28:26,514 Setting new threshold: 
2023-07-21 20:28:26,515 New threshold : 0.004
2023-07-21 20:28:27,467 Noise detected -- 0.004999999888241291/0.004
2023-07-21 20:28:28,488 Quiet -- 0.0020000000949949026/0.004
2023-07-21 20:28:29,510 Quiet -- 0.0010000000474974513/0.004
2023-07-21 20:28:30,532 Quiet -- 0.003000000026077032/0.004
2023-07-21 20:28:31,530 Setting new threshold: 
2023-07-21 20:28:31,531 New threshold : 0.005
2023-07-21 20:28:31,553 Quiet -- 0.0020000000949949026/0.005
2023-07-21 20:28:32,575 Quiet -- 0.0010000000474974513/0.005
2023-07-21 20:28:33,596 Quiet -- 0.0010000000474974513/0.005
2023-07-21 20:28:34,618 Quiet -- 0.0020000000949949026/0.005
2023-07-21 20:28:35,640 Quiet -- 0.003000000026077032/0.005
2023-07-21 20:28:36,545 Setting new threshold: 
2023-07-21 20:28:36,546 New threshold : 0.003
2023-07-21 20:28:36,662 Quiet -- 0.0010000000474974513/0.003
2023-07-21 20:28:37,683 Noise detected -- 0.003000000026077032/0.003
2023-07-21 20:28:38,705 Noise detected -- 0.003000000026077032/0.003
2023-07-21 20:28:39,727 Noise detected -- 0.003000000026077032/0.003
2023-07-21 20:28:40,748 Noise detected -- 0.003000000026077032/0.003
2023-07-21 20:28:41,561 Setting new threshold: 
2023-07-21 20:28:41,562 New threshold : 0.003
2023-07-21 20:28:41,770 Quiet -- 0.0020000000949949026/0.003
2023-07-21 20:28:42,792 Noise detected -- 0.003000000026077032/0.003
2023-07-21 20:28:43,813 Quiet -- 0.0020000000949949026/0.003
2023-07-21 20:28:44,835 Quiet -- 0.0020000000949949026/0.003
2023-07-21 20:28:45,857 Noise detected -- 0.03400000184774399/0.003
2023-07-21 20:28:46,577 Setting new threshold: 
2023-07-21 20:28:46,577 New threshold : 0.005
2023-07-21 20:28:46,879 Quiet -- 0.0020000000949949026/0.005
2023-07-21 20:28:47,901 Quiet -- 0.0020000000949949026/0.005
2023-07-21 20:28:48,922 Quiet -- 0.0020000000949949026/0.005
2023-07-21 20:28:49,944 Quiet -- 0.0020000000949949026/0.005
2023-07-21 20:28:50,965 Quiet -- 0.0020000000949949026/0.005
2023-07-21 20:28:51,592 Setting new threshold: 
2023-07-21 20:28:51,593 New threshold : 0.004
2023-07-21 20:28:51,987 Quiet -- 0.003000000026077032/0.004
2023-07-21 20:28:53,009 Quiet -- 0.0020000000949949026/0.004
2023-07-21 20:28:54,030 Quiet -- 0.0020000000949949026/0.004
2023-07-21 20:29:00,121 Starting process
2023-07-21 20:29:00,234 Noise detected -- 0.004000000189989805/0
2023-07-21 20:29:01,256 Noise detected -- 0.0020000000949949026/0
2023-07-21 20:29:02,277 Noise detected -- 0.003000000026077032/0
2023-07-21 20:31:14,406 Starting process
2023-07-21 20:31:14,514 Noise detected -- 0.004000000189989805/0
2023-07-21 20:31:15,536 Noise detected -- 0.008999999612569809/0
2023-07-21 20:31:16,557 Noise detected -- 0.003000000026077032/0
2023-07-21 20:31:17,579 Noise detected -- 0.003000000026077032/0
2023-07-21 20:31:18,601 Noise detected -- 0.0010000000474974513/0
2023-07-21 20:31:19,506 Setting new threshold: 
2023-07-21 20:31:19,507 New threshold : 0.004
2023-07-21 20:31:19,623 Quiet -- 0.0020000000949949026/0.004
2023-07-21 20:31:20,644 Noise detected -- 0.017999999225139618/0.004
2023-07-21 20:31:21,665 Noise detected -- 0.004000000189989805/0.004
2023-07-21 20:31:22,688 Quiet -- 0.003000000026077032/0.004
2023-07-21 20:31:23,710 Quiet -- 0.003000000026077032/0.004
2023-07-21 20:31:24,522 Setting new threshold: 
2023-07-21 20:31:24,522 New threshold : 0.006
2023-07-21 20:31:24,731 Quiet -- 0.003000000026077032/0.006
2023-07-21 20:31:25,752 Quiet -- 0.003000000026077032/0.006
2023-07-21 20:31:26,774 Quiet -- 0.0020000000949949026/0.006
2023-07-21 20:31:27,796 Quiet -- 0.0020000000949949026/0.006
2023-07-21 20:31:28,817 Quiet -- 0.003000000026077032/0.006
2023-07-21 20:31:29,537 Setting new threshold: 
2023-07-21 20:31:29,538 New threshold : 0.005
2023-07-21 20:31:29,839 Quiet -- 0.0020000000949949026/0.005
2023-07-21 20:31:30,861 Quiet -- 0.0010000000474974513/0.005
2023-07-21 20:31:31,882 Quiet -- 0.0020000000949949026/0.005
2023-07-21 20:31:32,904 Quiet -- 0.0020000000949949026/0.005
2023-07-21 20:31:33,926 Quiet -- 0.003000000026077032/0.005
2023-07-21 20:31:34,553 Setting new threshold: 
2023-07-21 20:31:34,553 New threshold : 0.003
2023-07-21 20:31:34,947 Quiet -- 0.0020000000949949026/0.003
2023-07-21 20:31:35,969 Quiet -- 0.0020000000949949026/0.003
2023-07-21 20:31:36,991 Noise detected -- 0.013000000268220901/0.003
2023-07-21 20:31:38,013 Quiet -- 0.0020000000949949026/0.003
2023-07-21 20:31:39,035 Quiet -- 0.0020000000949949026/0.003
2023-07-21 20:31:39,568 Setting new threshold: 
2023-07-21 20:31:39,569 New threshold : 0.007
2023-07-21 20:31:40,056 Quiet -- 0.0020000000949949026/0.007
2023-07-21 20:31:41,078 Quiet -- 0.0020000000949949026/0.007
2023-07-21 20:31:42,100 Quiet -- 0.0020000000949949026/0.007
2023-07-21 20:31:43,121 Quiet -- 0.0020000000949949026/0.007
2023-07-21 20:31:44,143 Quiet -- 0.0010000000474974513/0.007
2023-07-21 20:31:44,584 Setting new threshold: 
2023-07-21 20:31:44,584 New threshold : 0.004
2023-07-21 20:31:45,164 Quiet -- 0.0020000000949949026/0.004
2023-07-21 20:31:46,186 Quiet -- 0.0020000000949949026/0.004
2023-07-21 20:31:47,208 Quiet -- 0.0020000000949949026/0.004
2023-07-21 20:31:48,229 Quiet -- 0.0020000000949949026/0.004
2023-07-21 20:31:49,251 Noise detected -- 0.010999999940395355/0.004
2023-07-21 20:31:49,600 Setting new threshold: 
2023-07-21 20:31:49,600 New threshold : 0.007
2023-07-21 20:31:50,273 Quiet -- 0.0020000000949949026/0.007
2023-07-21 20:31:51,295 Quiet -- 0.0020000000949949026/0.007
2023-07-21 20:31:52,316 Quiet -- 0.004000000189989805/0.007
2023-07-21 20:31:53,338 Quiet -- 0.004999999888241291/0.007
2023-07-21 20:31:54,359 Quiet -- 0.003000000026077032/0.007
2023-07-21 20:31:54,615 Setting new threshold: 
2023-07-21 20:31:54,615 New threshold : 0.007
2023-07-21 20:31:55,381 Quiet -- 0.0020000000949949026/0.007
2023-07-21 20:31:56,403 Quiet -- 0.006000000052154064/0.007
2023-07-21 20:31:57,424 Quiet -- 0.004000000189989805/0.007
2023-07-21 20:31:58,446 Noise detected -- 0.014999999664723873/0.007
2023-07-21 20:31:59,468 Noise detected -- 0.052000001072883606/0.007
2023-07-21 20:31:59,630 Setting new threshold: 
2023-07-21 20:31:59,631 New threshold : 0.011
2023-07-21 20:32:00,489 Quiet -- 0.0020000000949949026/0.011
2023-07-21 20:32:01,511 Quiet -- 0.0010000000474974513/0.011
2023-07-21 20:32:02,533 Quiet -- 0.0010000000474974513/0.011
2023-07-21 20:32:03,554 Quiet -- 0.004000000189989805/0.011
2023-07-21 20:32:04,576 Quiet -- 0.007000000216066837/0.011
2023-07-21 20:32:04,646 Setting new threshold: 
2023-07-21 20:32:04,646 New threshold : 0.006
2023-07-21 20:32:05,598 Quiet -- 0.0020000000949949026/0.006
2023-07-21 20:32:06,620 Quiet -- 0.0020000000949949026/0.006
2023-07-21 20:32:07,641 Quiet -- 0.0020000000949949026/0.006
2023-07-21 20:32:08,663 Noise detected -- 0.019999999552965164/0.006
2023-07-21 20:32:09,662 Setting new threshold: 
2023-07-21 20:32:09,662 New threshold : 0.005
2023-07-21 20:32:09,684 Quiet -- 0.0020000000949949026/0.005
2023-07-21 20:32:10,706 Quiet -- 0.0010000000474974513/0.005
2023-07-21 20:32:11,728 Quiet -- 0.0010000000474974513/0.005
2023-07-21 20:32:12,749 Quiet -- 0.0020000000949949026/0.005
2023-07-21 20:32:13,771 Quiet -- 0.0020000000949949026/0.005
2023-07-21 20:32:14,677 Setting new threshold: 
2023-07-21 20:32:14,677 New threshold : 0.009
2023-07-21 20:32:14,793 Noise detected -- 0.026000000536441803/0.009
2023-07-21 20:32:15,815 Quiet -- 0.0010000000474974513/0.009
2023-07-21 20:32:16,836 Quiet -- 0.004000000189989805/0.009
2023-07-21 20:32:17,858 Quiet -- 0.003000000026077032/0.009
2023-07-21 20:32:18,880 Quiet -- 0.003000000026077032/0.009
2023-07-21 20:32:19,692 Setting new threshold: 
2023-07-21 20:32:19,693 New threshold : 0.007
2023-07-21 20:32:19,902 Quiet -- 0.0010000000474974513/0.007
2023-07-21 20:32:20,923 Quiet -- 0.0020000000949949026/0.007
2023-07-21 20:32:21,945 Quiet -- 0.004999999888241291/0.007
2023-07-21 20:32:22,966 Quiet -- 0.0020000000949949026/0.007
2023-07-21 20:32:23,988 Noise detected -- 0.007000000216066837/0.007
2023-07-21 20:32:24,708 Setting new threshold: 
2023-07-21 20:32:24,708 New threshold : 0.007
2023-07-21 20:32:25,010 Quiet -- 0.003000000026077032/0.007
2023-07-21 20:32:26,032 Quiet -- 0.0010000000474974513/0.007
2023-07-21 20:32:27,053 Quiet -- 0.0010000000474974513/0.007
2023-07-21 20:32:28,075 Quiet -- 0.0020000000949949026/0.007
2023-07-21 20:32:29,096 Quiet -- 0.0020000000949949026/0.007
2023-07-21 20:32:29,723 Setting new threshold: 
2023-07-21 20:32:29,724 New threshold : 0.011
2023-07-21 20:32:30,118 Quiet -- 0.0020000000949949026/0.011
2023-07-21 20:32:31,139 Quiet -- 0.003000000026077032/0.011
2023-07-21 20:32:32,162 Quiet -- 0.0020000000949949026/0.011
2023-07-21 20:32:33,183 Quiet -- 0.0020000000949949026/0.011
2023-07-21 20:32:34,205 Quiet -- 0.003000000026077032/0.011
2023-07-21 20:32:34,739 Setting new threshold: 
2023-07-21 20:32:34,739 New threshold : 0.006
2023-07-21 20:32:35,227 Quiet -- 0.004999999888241291/0.006
2023-07-21 20:32:36,248 Quiet -- 0.004999999888241291/0.006
2023-07-21 20:32:37,270 Quiet -- 0.0020000000949949026/0.006
2023-07-21 20:32:38,292 Quiet -- 0.0020000000949949026/0.006
2023-07-21 20:32:39,313 Quiet -- 0.0010000000474974513/0.006
2023-07-21 20:32:39,754 Setting new threshold: 
2023-07-21 20:32:39,755 New threshold : 0.009
2023-07-21 20:32:40,335 Quiet -- 0.0020000000949949026/0.009
2023-07-21 20:32:41,357 Quiet -- 0.0020000000949949026/0.009
2023-07-21 20:32:42,378 Quiet -- 0.007000000216066837/0.009
2023-07-21 20:32:43,400 Noise detected -- 0.039000000804662704/0.009
2023-07-21 20:32:44,422 Quiet -- 0.006000000052154064/0.009
2023-07-21 20:32:44,771 Setting new threshold: 
2023-07-21 20:32:44,771 New threshold : 0.007
2023-07-21 20:32:45,443 Quiet -- 0.0020000000949949026/0.007
2023-07-21 20:32:46,465 Quiet -- 0.0020000000949949026/0.007
2023-07-21 20:32:47,487 Quiet -- 0.003000000026077032/0.007
2023-07-21 20:32:48,508 Quiet -- 0.0020000000949949026/0.007
2023-07-21 20:32:49,530 Quiet -- 0.006000000052154064/0.007
2023-07-21 20:32:49,786 Setting new threshold: 
2023-07-21 20:32:49,786 New threshold : 0.007
2023-07-21 20:32:50,552 Noise detected -- 0.013000000268220901/0.007
2023-07-21 20:32:51,573 Quiet -- 0.004999999888241291/0.007
2023-07-21 20:32:52,595 Quiet -- 0.0020000000949949026/0.007
2023-07-21 20:32:53,616 Quiet -- 0.0020000000949949026/0.007
2023-07-21 20:32:54,639 Quiet -- 0.003000000026077032/0.007
2023-07-21 20:32:54,801 Setting new threshold: 
2023-07-21 20:32:54,802 New threshold : 0.005
2023-07-21 20:32:55,660 Quiet -- 0.0010000000474974513/0.005
2023-07-21 20:32:56,682 Noise detected -- 0.006000000052154064/0.005
2023-07-21 20:32:57,703 Quiet -- 0.003000000026077032/0.005
2023-07-21 20:32:58,725 Quiet -- 0.0020000000949949026/0.005
2023-07-21 20:32:59,747 Quiet -- 0.0010000000474974513/0.005
2023-07-21 20:32:59,817 Setting new threshold: 
2023-07-21 20:32:59,817 New threshold : 0.008
2023-07-21 20:33:00,769 Quiet -- 0.003000000026077032/0.008
2023-07-21 20:33:01,790 Quiet -- 0.003000000026077032/0.008
2023-07-21 20:33:02,812 Quiet -- 0.0020000000949949026/0.008
2023-07-21 20:33:03,834 Noise detected -- 0.010999999940395355/0.008
2023-07-21 20:33:04,832 Setting new threshold: 
2023-07-21 20:33:04,833 New threshold : 0.01
2023-07-21 20:33:04,856 Quiet -- 0.0020000000949949026/0.01
2023-07-21 20:33:05,878 Quiet -- 0.0010000000474974513/0.01
2023-07-21 20:33:06,899 Quiet -- 0.004000000189989805/0.01
2023-07-21 20:33:07,920 Quiet -- 0.0020000000949949026/0.01
2023-07-21 20:33:08,942 Quiet -- 0.0020000000949949026/0.01
2023-07-21 20:33:09,848 Setting new threshold: 
2023-07-21 20:33:09,849 New threshold : 0.005
2023-07-21 20:33:09,964 Quiet -- 0.0020000000949949026/0.005
2023-07-21 20:33:10,986 Noise detected -- 0.007000000216066837/0.005
2023-07-21 20:33:12,007 Quiet -- 0.0020000000949949026/0.005
2023-07-21 20:33:13,029 Quiet -- 0.0020000000949949026/0.005
